-------------------------------------------------------------------------------
Test set: cucumberOptions.RunCucumberTest
-------------------------------------------------------------------------------
Tests run: 1, Failures: 0, Errors: 1, Skipped: 0, Time elapsed: 0.509 s <<< FAILURE! - in cucumberOptions.RunCucumberTest
Example scenario(Example feature)  Time elapsed: 0.072 s  <<< ERROR!
io.cucumber.junit.UndefinedStepException: 
The step 'I have a configured Cucumber environment' and 2 other step(s) are undefined.
You can implement these steps using the snippet(s) below:

@Given("I have a configured Cucumber environment")
public void i_have_a_configured_cucumber_environment() {
    // Write code here that turns the phrase above into concrete actions
    throw new io.cucumber.java.PendingException();
}
Given("I have a configured Cucumber environment", () -> {
    // Write code here that turns the phrase above into concrete actions
    throw new io.cucumber.java8.PendingException();
});
@When("I run my tests")
public void i_run_my_tests() {
    // Write code here that turns the phrase above into concrete actions
    throw new io.cucumber.java.PendingException();
}
When("I run my tests", () -> {
    // Write code here that turns the phrase above into concrete actions
    throw new io.cucumber.java8.PendingException();
});
@Then("they should pass")
public void they_should_pass() {
    // Write code here that turns the phrase above into concrete actions
    throw new io.cucumber.java.PendingException();
}
Then("they should pass", () -> {
    // Write code here that turns the phrase above into concrete actions
    throw new io.cucumber.java8.PendingException();
});


