<?xml version="1.0" encoding="UTF-8"?>
<testsuite xmlns:xsi="http://www.w3.org/2001/XMLSchema-instance" xsi:noNamespaceSchemaLocation="https://maven.apache.org/surefire/maven-surefire-plugin/xsd/surefire-test-report.xsd" name="cucumberOptions.RunCucumberTest" time="0.509" tests="1" errors="1" skipped="0" failures="0">
  <properties>
[...]
</properties>
  <testcase name="Example scenario" classname="Example feature" time="0.072">
    <error message="The step &apos;I have a configured Cucumber environment&apos; and 2 other step(s) are undefined.&#10;You can implement these steps using the snippet(s) below:&#10;&#10;@Given(&quot;I have a configured Cucumber environment&quot;)&#10;public void i_have_a_configured_cucumber_environment() {&#10;    // Write code here that turns the phrase above into concrete actions&#10;    throw new io.cucumber.java.PendingException();&#10;}&#10;Given(&quot;I have a configured Cucumber environment&quot;, () -&gt; {&#10;    // Write code here that turns the phrase above into concrete actions&#10;    throw new io.cucumber.java8.PendingException();&#10;});&#10;@When(&quot;I run my tests&quot;)&#10;public void i_run_my_tests() {&#10;    // Write code here that turns the phrase above into concrete actions&#10;    throw new io.cucumber.java.PendingException();&#10;}&#10;When(&quot;I run my tests&quot;, () -&gt; {&#10;    // Write code here that turns the phrase above into concrete actions&#10;    throw new io.cucumber.java8.PendingException();&#10;});&#10;@Then(&quot;they should pass&quot;)&#10;public void they_should_pass() {&#10;    // Write code here that turns the phrase above into concrete actions&#10;    throw new io.cucumber.java.PendingException();&#10;}&#10;Then(&quot;they should pass&quot;, () -&gt; {&#10;    // Write code here that turns the phrase above into concrete actions&#10;    throw new io.cucumber.java8.PendingException();&#10;});&#10;" type="io.cucumber.junit.UndefinedStepException">io.cucumber.junit.UndefinedStepException: 
The step 'I have a configured Cucumber environment' and 2 other step(s) are undefined.
You can implement these steps using the snippet(s) below:

@Given("I have a configured Cucumber environment")
public void i_have_a_configured_cucumber_environment() {
    // Write code here that turns the phrase above into concrete actions
    throw new io.cucumber.java.PendingException();
}
Given("I have a configured Cucumber environment", () -> {
    // Write code here that turns the phrase above into concrete actions
    throw new io.cucumber.java8.PendingException();
});
@When("I run my tests")
public void i_run_my_tests() {
    // Write code here that turns the phrase above into concrete actions
    throw new io.cucumber.java.PendingException();
}
When("I run my tests", () -> {
    // Write code here that turns the phrase above into concrete actions
    throw new io.cucumber.java8.PendingException();
});
@Then("they should pass")
public void they_should_pass() {
    // Write code here that turns the phrase above into concrete actions
    throw new io.cucumber.java.PendingException();
}
Then("they should pass", () -> {
    // Write code here that turns the phrase above into concrete actions
    throw new io.cucumber.java8.PendingException();
});

</error>
    <system-out><![CDATA[
Scenario: Example scenario                       &amp#27;[90m# src/test/java/com/TestGoogle.feature:2&amp#27;[0m
  &amp#27;[33mGiven &amp#27;[0m&amp#27;[33mI have a configured Cucumber environment&amp#27;[0m
  &amp#27;[36mWhen &amp#27;[0m&amp#27;[36mI run my tests&amp#27;[0m
  &amp#27;[36mThen &amp#27;[0m&amp#27;[36mthey should pass&amp#27;[0m
]]></system-out>
    <system-err><![CDATA[Aug 02, 2024 5:46:16 PM io.cucumber.core.feature.GluePath warnWhenWellKnownProjectSourceDirectory
WARNING: Consider replacing glue path 'src/test/java/stepDefinitions' with 'stepDefinitions'.
'
The current glue path points to a source directory in your project. However cucumber looks for glue (i.e. step definitions) on the classpath. By using a package name you can avoid this ambiguity.
]]></system-err>
  </testcase>
</testsuite>